SQL> CREATE INDEX empindex ON employeesN(first_name);

Index EMPINDEX erstellt.

SQL> SELECT first_name FROM employeesN WHERE first_name = 'Lorien';

FIRST_NAME    
--------------
Lorien
Lorien
Lorien
Lorien
Lorien
Lorien
Lorien
Lorien
Lorien
Lorien
Lorien

FIRST_NAME    
--------------
Lorien
Lorien
Lorien
Lorien
Lorien
Lorien
Lorien
Lorien
Lorien
Lorien
Lorien

FIRST_NAME    
--------------
Lorien
Lorien
Lorien
Lorien
Lorien
Lorien
Lorien
Lorien
Lorien
Lorien
Lorien

FIRST_NAME    
--------------
Lorien
Lorien
Lorien
Lorien
Lorien
Lorien
Lorien
Lorien
Lorien
Lorien
Lorien

FIRST_NAME    
--------------
Lorien
Lorien
Lorien
Lorien
Lorien
Lorien
Lorien
Lorien
Lorien
Lorien
Lorien

FIRST_NAME    
--------------
Lorien
Lorien
Lorien
Lorien
Lorien
Lorien
Lorien
Lorien
Lorien
Lorien
Lorien

FIRST_NAME    
--------------
Lorien
Lorien
Lorien
Lorien
Lorien
Lorien
Lorien
Lorien
Lorien
Lorien
Lorien

FIRST_NAME    
--------------
Lorien
Lorien
Lorien
Lorien
Lorien
Lorien
Lorien
Lorien
Lorien
Lorien
Lorien

FIRST_NAME    
--------------
Lorien
Lorien
Lorien
Lorien
Lorien
Lorien
Lorien
Lorien
Lorien
Lorien
Lorien

FIRST_NAME    
--------------
Lorien
Lorien
Lorien
Lorien
Lorien
Lorien
Lorien
Lorien
Lorien
Lorien
Lorien

FIRST_NAME    
--------------
Lorien
Lorien
Lorien
Lorien
Lorien
Lorien
Lorien
Lorien
Lorien
Lorien
Lorien

FIRST_NAME    
--------------
Lorien
Lorien
Lorien
Lorien
Lorien
Lorien
Lorien
Lorien
Lorien
Lorien
Lorien

FIRST_NAME    
--------------
Lorien
Lorien
Lorien
Lorien
Lorien
Lorien
Lorien
Lorien
Lorien
Lorien
Lorien

FIRST_NAME    
--------------
Lorien
Lorien
Lorien
Lorien
Lorien
Lorien
Lorien
Lorien
Lorien
Lorien
Lorien

FIRST_NAME    
--------------
Lorien
Lorien
Lorien
Lorien
Lorien
Lorien
Lorien
Lorien
Lorien
Lorien
Lorien

FIRST_NAME    
--------------
Lorien
Lorien
Lorien
Lorien
Lorien
Lorien
Lorien
Lorien
Lorien
Lorien
Lorien

FIRST_NAME    
--------------
Lorien
Lorien
Lorien
Lorien
Lorien
Lorien
Lorien
Lorien
Lorien
Lorien
Lorien

FIRST_NAME    
--------------
Lorien
Lorien
Lorien
Lorien
Lorien
Lorien
Lorien
Lorien
Lorien
Lorien
Lorien

FIRST_NAME    
--------------
Lorien
Lorien
Lorien
Lorien
Lorien
Lorien
Lorien
Lorien
Lorien
Lorien
Lorien

FIRST_NAME    
--------------
Lorien
Lorien
Lorien
Lorien
Lorien
Lorien
Lorien
Lorien
Lorien
Lorien
Lorien

FIRST_NAME    
--------------
Lorien
Lorien
Lorien
Lorien
Lorien
Lorien
Lorien
Lorien
Lorien
Lorien
Lorien

FIRST_NAME    
--------------
Lorien

232 Zeilen ausgewählt. 

Explain Plan
-----------------------------------------------------------

PLAN_TABLE_OUTPUT                                                                                                                                                                                                                                                                                           
------------------------------------------------------------------------------------------------------------------------------------------------------------------------------------------------------------------------------------------------------------------------------------------------------------
Plan hash value: 1136490762
 
-----------------------------------------------------------------------------
| Id  | Operation        | Name     | Rows  | Bytes | Cost (%CPU)| Time     |
-----------------------------------------------------------------------------
|   0 | SELECT STATEMENT |          |   235 |  1880 |     3   (0)| 00:00:01 |
|*  1 |  INDEX RANGE SCAN| EMPINDEX |   235 |  1880 |     3   (0)| 00:00:01 |
-----------------------------------------------------------------------------
 
Predicate Information (identified by operation id):
---------------------------------------------------

PLAN_TABLE_OUTPUT                                                                                                                                                                                                                                                                                           
------------------------------------------------------------------------------------------------------------------------------------------------------------------------------------------------------------------------------------------------------------------------------------------------------------
 
   1 - access("FIRST_NAME"='Lorien')

Ermitteln von Statistiken nicht möglich. Stellen Sie sicher, dass der Benutzer über angemessene Zugriffsberechtigung verfügt.
Für die Verwendung der Statistikfunktionalität muss dem Benutzer Select-Zugriff für v_$sesstat, v_$statname und v_$session erteilt werden.
